# JRE version: Java(TM) SE Runtime Environment (8.0_191-b12) (build 1.8.0_191-b12)
# Java VM: Java HotSpot(TM) 64-Bit Server VM (25.191-b12 mixed mode linux-amd64 compressed oops)
Heap:
 PSYoungGen      total 118784K, used 92943K [0x00000000d7380000, 0x00000000e2e00000, 0x0000000100000000)
  eden space 95232K, 72% used [0x00000000d7380000,0x00000000db74ae70,0x00000000dd080000)
  from space 23552K, 99% used [0x00000000dd080000,0x00000000de778e78,0x00000000de780000)
  to   space 28672K, 0% used [0x00000000e1200000,0x00000000e1200000,0x00000000e2e00000)
 ParOldGen       total 125440K, used 36969K [0x0000000085a00000, 0x000000008d480000, 0x00000000d7380000)
  object space 125440K, 29% used [0x0000000085a00000,0x0000000087e1a790,0x000000008d480000)
 Metaspace       used 39995K, capacity 41162K, committed 41432K, reserved 1085440K
  class space    used 5048K, capacity 5262K, committed 5376K, reserved 1048576K
GC Heap History (10 events):
Event: 1,149 GC heap before
{Heap before GC invocations=5 (full 1):
 PSYoungGen      total 68608K, used 5093K [0x00000000d7380000, 0x00000000dbb80000, 0x0000000100000000)
  eden space 63488K, 0% used [0x00000000d7380000,0x00000000d7380000,0x00000000db180000)
  from space 5120K, 99% used [0x00000000db680000,0x00000000dbb79718,0x00000000dbb80000)
  to   space 5120K, 0% used [0x00000000db180000,0x00000000db180000,0x00000000db680000)
 ParOldGen       total 84992K, used 29518K [0x0000000085a00000, 0x000000008ad00000, 0x00000000d7380000)
  object space 84992K, 34% used [0x0000000085a00000,0x00000000876d3b58,0x000000008ad00000)
 Metaspace       used 20676K, capacity 21226K, committed 21248K, reserved 1069056K
  class space    used 2409K, capacity 2554K, committed 2560K, reserved 1048576K
Event: 1,195 GC heap after
Heap after GC invocations=5 (full 1):
 PSYoungGen      total 68608K, used 0K [0x00000000d7380000, 0x00000000dbb80000, 0x0000000100000000)
  eden space 63488K, 0% used [0x00000000d7380000,0x00000000d7380000,0x00000000db180000)
  from space 5120K, 0% used [0x00000000db680000,0x00000000db680000,0x00000000dbb80000)
  to   space 5120K, 0% used [0x00000000db180000,0x00000000db180000,0x00000000db680000)
 ParOldGen       total 97792K, used 30619K [0x0000000085a00000, 0x000000008b980000, 0x00000000d7380000)
  object space 97792K, 31% used [0x0000000085a00000,0x00000000877e6d98,0x000000008b980000)
 Metaspace       used 20676K, capacity 21226K, committed 21248K, reserved 1069056K
  class space    used 2409K, capacity 2554K, committed 2560K, reserved 1048576K
}
Event: 1,947 GC heap before
{Heap before GC invocations=6 (full 1):
 PSYoungGen      total 68608K, used 63488K [0x00000000d7380000, 0x00000000dbb80000, 0x0000000100000000)
  eden space 63488K, 100% used [0x00000000d7380000,0x00000000db180000,0x00000000db180000)
  from space 5120K, 0% used [0x00000000db680000,0x00000000db680000,0x00000000dbb80000)
  to   space 5120K, 0% used [0x00000000db180000,0x00000000db180000,0x00000000db680000)
 ParOldGen       total 97792K, used 30619K [0x0000000085a00000, 0x000000008b980000, 0x00000000d7380000)
  object space 97792K, 31% used [0x0000000085a00000,0x00000000877e6d98,0x000000008b980000)
 Metaspace       used 30108K, capacity 31012K, committed 31232K, reserved 1077248K
  class space    used 3902K, capacity 4069K, committed 4096K, reserved 1048576K
Event: 1,961 GC heap after
Heap after GC invocations=6 (full 1):
 PSYoungGen      total 68608K, used 5110K [0x00000000d7380000, 0x00000000e0100000, 0x0000000100000000)
  eden space 63488K, 0% used [0x00000000d7380000,0x00000000d7380000,0x00000000db180000)
  from space 5120K, 99% used [0x00000000db180000,0x00000000db67d900,0x00000000db680000)
  to   space 24576K, 0% used [0x00000000de900000,0x00000000de900000,0x00000000e0100000)
 ParOldGen       total 97792K, used 33861K [0x0000000085a00000, 0x000000008b980000, 0x00000000d7380000)
  object space 97792K, 34% used [0x0000000085a00000,0x0000000087b11638,0x000000008b980000)
 Metaspace       used 30108K, capacity 31012K, committed 31232K, reserved 1077248K
  class space    used 3902K, capacity 4069K, committed 4096K, reserved 1048576K
}
Event: 2,231 GC heap before
{Heap before GC invocations=7 (full 1):
 PSYoungGen      total 68608K, used 27870K [0x00000000d7380000, 0x00000000e0100000, 0x0000000100000000)
  eden space 63488K, 35% used [0x00000000d7380000,0x00000000d89ba2e0,0x00000000db180000)
  from space 5120K, 99% used [0x00000000db180000,0x00000000db67d900,0x00000000db680000)
  to   space 24576K, 0% used [0x00000000de900000,0x00000000de900000,0x00000000e0100000)
 ParOldGen       total 97792K, used 33861K [0x0000000085a00000, 0x000000008b980000, 0x00000000d7380000)
  object space 97792K, 34% used [0x0000000085a00000,0x0000000087b11638,0x000000008b980000)
 Metaspace       used 34460K, capacity 35286K, committed 35416K, reserved 1079296K
  class space    used 4558K, capacity 4718K, committed 4736K, reserved 1048576K
Event: 2,240 GC heap after
Heap after GC invocations=7 (full 1):
 PSYoungGen      total 117248K, used 7327K [0x00000000d7380000, 0x00000000dfe80000, 0x0000000100000000)
  eden space 95232K, 0% used [0x00000000d7380000,0x00000000d7380000,0x00000000dd080000)
  from space 22016K, 33% used [0x00000000de900000,0x00000000df027cb0,0x00000000dfe80000)
  to   space 23552K, 0% used [0x00000000dd080000,0x00000000dd080000,0x00000000de780000)
 ParOldGen       total 97792K, used 33869K [0x0000000085a00000, 0x000000008b980000, 0x00000000d7380000)
  object space 97792K, 34% used [0x0000000085a00000,0x0000000087b13638,0x000000008b980000)
 Metaspace       used 34460K, capacity 35286K, committed 35416K, reserved 1079296K
  class space    used 4558K, capacity 4718K, committed 4736K, reserved 1048576K
}
Event: 2,240 GC heap before
{Heap before GC invocations=8 (full 2):
 PSYoungGen      total 117248K, used 7327K [0x00000000d7380000, 0x00000000dfe80000, 0x0000000100000000)
  eden space 95232K, 0% used [0x00000000d7380000,0x00000000d7380000,0x00000000dd080000)
  from space 22016K, 33% used [0x00000000de900000,0x00000000df027cb0,0x00000000dfe80000)
  to   space 23552K, 0% used [0x00000000dd080000,0x00000000dd080000,0x00000000de780000)
 ParOldGen       total 97792K, used 33869K [0x0000000085a00000, 0x000000008b980000, 0x00000000d7380000)
  object space 97792K, 34% used [0x0000000085a00000,0x0000000087b13638,0x000000008b980000)
 Metaspace       used 34460K, capacity 35286K, committed 35416K, reserved 1079296K
  class space    used 4558K, capacity 4718K, committed 4736K, reserved 1048576K
Event: 2,291 GC heap after
Heap after GC invocations=8 (full 2):
 PSYoungGen      total 117248K, used 0K [0x00000000d7380000, 0x00000000dfe80000, 0x0000000100000000)
  eden space 95232K, 0% used [0x00000000d7380000,0x00000000d7380000,0x00000000dd080000)
  from space 22016K, 0% used [0x00000000de900000,0x00000000de900000,0x00000000dfe80000)
  to   space 23552K, 0% used [0x00000000dd080000,0x00000000dd080000,0x00000000de780000)
 ParOldGen       total 125440K, used 35632K [0x0000000085a00000, 0x000000008d480000, 0x00000000d7380000)
  object space 125440K, 28% used [0x0000000085a00000,0x0000000087ccc2e8,0x000000008d480000)
 Metaspace       used 34460K, capacity 35286K, committed 35416K, reserved 1079296K
  class space    used 4558K, capacity 4718K, committed 4736K, reserved 1048576K
}
Event: 62,509 GC heap before
{Heap before GC invocations=9 (full 2):
 PSYoungGen      total 117248K, used 94431K [0x00000000d7380000, 0x00000000dfe80000, 0x0000000100000000)
  eden space 95232K, 99% used [0x00000000d7380000,0x00000000dcfb7df0,0x00000000dd080000)
  from space 22016K, 0% used [0x00000000de900000,0x00000000de900000,0x00000000dfe80000)
  to   space 23552K, 0% used [0x00000000dd080000,0x00000000dd080000,0x00000000de780000)
 ParOldGen       total 125440K, used 35632K [0x0000000085a00000, 0x000000008d480000, 0x00000000d7380000)
  object space 125440K, 28% used [0x0000000085a00000,0x0000000087ccc2e8,0x000000008d480000)
 Metaspace       used 38614K, capacity 39646K, committed 39896K, reserved 1083392K
  class space    used 4901K, capacity 5100K, committed 5120K, reserved 1048576K
Event: 62,540 GC heap after
Heap after GC invocations=9 (full 2):
 PSYoungGen      total 118784K, used 23523K [0x00000000d7380000, 0x00000000e2e00000, 0x0000000100000000)
  eden space 95232K, 0% used [0x00000000d7380000,0x00000000d7380000,0x00000000dd080000)
  from space 23552K, 99% used [0x00000000dd080000,0x00000000de778e78,0x00000000de780000)
  to   space 28672K, 0% used [0x00000000e1200000,0x00000000e1200000,0x00000000e2e00000)
 ParOldGen       total 125440K, used 36969K [0x0000000085a00000, 0x000000008d480000, 0x00000000d7380000)
  object space 125440K, 29% used [0x0000000085a00000,0x0000000087e1a790,0x000000008d480000)
 Metaspace       used 38614K, capacity 39646K, committed 39896K, reserved 1083392K
  class space    used 4901K, capacity 5100K, committed 5120K, reserved 1048576K
}

